<?xml version="1.0" encoding="UTF-8"?>
<!-- Generated by org.testng.reporters.JUnitReportReporter -->
<testsuite skipped="0" hostname="DESKTOP-C1UMIF1" name="ReadExcelData.ObjectDataDriven" tests="3" failures="0" timestamp="04 Dec 2019 14:15:19 GMT" time="45.913" errors="0">
  <testcase name="test" time="13.557" classname="ReadExcelData.ObjectDataDriven"/>
  <testcase name="test" time="21.027" classname="ReadExcelData.ObjectDataDriven"/>
  <testcase name="test" time="11.329" classname="ReadExcelData.ObjectDataDriven"/>
</testsuite> <!-- ReadExcelData.ObjectDataDriven -->
