<?xml version="1.0" encoding="UTF-8"?>
<!-- Generated by org.testng.reporters.JUnitReportReporter -->
<testsuite skipped="0" hostname="DESKTOP-C1UMIF1" name="ReadExcelData.ObjectDataDrivenFromExcel" tests="7" failures="0" timestamp="05 Dec 2019 15:03:46 GMT" time="118.392" errors="0">
  <testcase name="test" time="5.942" classname="ReadExcelData.ObjectDataDrivenFromExcel"/>
  <testcase name="test" time="12.326" classname="ReadExcelData.ObjectDataDrivenFromExcel"/>
  <testcase name="test" time="12.406" classname="ReadExcelData.ObjectDataDrivenFromExcel"/>
  <testcase name="test" time="36.476" classname="ReadExcelData.ObjectDataDrivenFromExcel"/>
  <testcase name="test" time="6.538" classname="ReadExcelData.ObjectDataDrivenFromExcel"/>
  <testcase name="test" time="12.299" classname="ReadExcelData.ObjectDataDrivenFromExcel"/>
  <testcase name="test" time="32.405" classname="ReadExcelData.ObjectDataDrivenFromExcel"/>
</testsuite> <!-- ReadExcelData.ObjectDataDrivenFromExcel -->
