<?xml version="1.0" encoding="UTF-8"?>
<!-- Generated by org.testng.reporters.JUnitReportReporter -->
<testsuite hostname="DESKTOP-C1UMIF1" name="TC03_ValidatingGETHeaders" tests="1" failures="0" timestamp="14 Jan 2020 15:44:34 GMT" time="3.072" errors="0">
  <testcase name="googleMAP" time="3.072" classname="TC03_ValidatingGETHeaders"/>
</testsuite> <!-- TC03_ValidatingGETHeaders -->
