<?xml version="1.0" encoding="UTF-8"?>
<!-- Generated by org.testng.reporters.JUnitReportReporter -->
<testsuite hostname="DESKTOP-C1UMIF1" name="TC05_GET_ValidateJSON" tests="1" failures="0" timestamp="12 Dec 2019 15:21:22 GMT" time="2.818" errors="0">
  <testcase name="JSONresponseBody" time="2.818" classname="TC05_GET_ValidateJSON"/>
</testsuite> <!-- TC05_GET_ValidateJSON -->
