<?xml version="1.0" encoding="UTF-8"?>
<!-- Generated by org.testng.reporters.JUnitReportReporter -->
<testsuite hostname="DESKTOP-C1UMIF1" name="DataDriven.DataDrivenTest3" tests="5" failures="0" timestamp="21 Jan 2020 12:42:06 GMT" time="5.696" errors="0">
  <testcase name="addNewEmployees" time="0.689" classname="DataDriven.DataDrivenTest3"/>
  <testcase name="addNewEmployees" time="0.691" classname="DataDriven.DataDrivenTest3"/>
  <testcase name="addNewEmployees" time="0.719" classname="DataDriven.DataDrivenTest3"/>
  <testcase name="addNewEmployees" time="2.928" classname="DataDriven.DataDrivenTest3"/>
  <testcase name="addNewEmployees" time="0.669" classname="DataDriven.DataDrivenTest3"/>
</testsuite> <!-- DataDriven.DataDrivenTest3 -->
