<?xml version="1.0" encoding="UTF-8"?>
<!-- Generated by org.testng.reporters.JUnitReportReporter -->
<testsuite hostname="DESKTOP-C1UMIF1" name="TC02_POST_UserCreation" tests="1" failures="0" timestamp="16 Dec 2019 08:24:59 GMT" time="3.267" errors="0">
  <testcase name="userCreation" time="3.267" classname="TC02_POST_UserCreation"/>
</testsuite> <!-- TC02_POST_UserCreation -->
