<?xml version="1.0" encoding="UTF-8"?>
<!-- Generated by org.testng.reporters.JUnitReportReporter -->
<testsuite hostname="DESKTOP-C1UMIF1" name="TC04_GET_AllHeaders" tests="1" failures="0" timestamp="14 Jan 2020 15:43:49 GMT" time="2.980" errors="0">
  <testcase name="googleMAP" time="2.980" classname="TC04_GET_AllHeaders"/>
</testsuite> <!-- TC04_GET_AllHeaders -->
