<?xml version="1.0" encoding="UTF-8"?>
<!-- Generated by org.testng.reporters.JUnitReportReporter -->
<testsuite hostname="DESKTOP-C1UMIF1" name="DataDriven.DataDrivenTest" tests="1" failures="0" timestamp="16 Dec 2019 08:24:22 GMT" time="3.295" errors="0">
  <testcase name="addNewEmployees" time="3.295" classname="DataDriven.DataDrivenTest"/>
</testsuite> <!-- DataDriven.DataDrivenTest -->
