<?xml version="1.0" encoding="UTF-8"?>
<!-- Generated by org.testng.reporters.JUnitReportReporter -->
<testsuite hostname="DESKTOP-C1UMIF1" name="DataDriven.DataDrivenTest2" tests="5" failures="0" timestamp="9 Jan 2020 09:09:14 GMT" time="6.165" errors="0">
  <testcase name="addNewEmployees" time="2.893" classname="DataDriven.DataDrivenTest2"/>
  <testcase name="addNewEmployees" time="0.774" classname="DataDriven.DataDrivenTest2"/>
  <testcase name="addNewEmployees" time="0.740" classname="DataDriven.DataDrivenTest2"/>
  <testcase name="addNewEmployees" time="0.831" classname="DataDriven.DataDrivenTest2"/>
  <testcase name="addNewEmployees" time="0.927" classname="DataDriven.DataDrivenTest2"/>
</testsuite> <!-- DataDriven.DataDrivenTest2 -->
