<?xml version="1.0" encoding="UTF-8"?>
<!-- Generated by org.testng.reporters.JUnitReportReporter -->
<testsuite hostname="DESKTOP-C1UMIF1" name="TC07_authentication" tests="1" failures="0" timestamp="13 Dec 2019 10:28:03 GMT" time="2.839" errors="0">
  <testcase name="authenticationTest" time="2.839" classname="TC07_authentication"/>
</testsuite> <!-- TC07_authentication -->
