<?xml version="1.0" encoding="UTF-8"?>
<!-- Generated by org.testng.reporters.JUnitReportReporter -->
<testsuite skipped="0" hostname="DESKTOP-C1UMIF1" name="TestNG.TestDependencyWithFacebook" tests="2" failures="0" timestamp="12 Aug 2019 13:29:34 GMT" time="28.246" errors="0">
  <testcase name="loginFb" time="23.027" classname="TestNG.TestDependencyWithFacebook"/>
  <testcase name="openBrowser" time="5.219" classname="TestNG.TestDependencyWithFacebook"/>
</testsuite> <!-- TestNG.TestDependencyWithFacebook -->
