<?xml version="1.0" encoding="UTF-8"?>
<!-- Generated by org.testng.reporters.JUnitReportReporter -->
<testsuite skipped="0" hostname="DESKTOP-C1UMIF1" name="TestNG.TestTestNGAttributes" tests="6" failures="0" timestamp="07 Mar 2019 12:46:16 GMT" time="0.019" errors="0">
  <testcase name="f" time="0.010" classname="TestNG.TestTestNGAttributes"/>
  <testcase name="m" time="0.002" classname="TestNG.TestTestNGAttributes"/>
  <testcase name="d" time="0.002" classname="TestNG.TestTestNGAttributes"/>
  <testcase name="h" time="0.002" classname="TestNG.TestTestNGAttributes"/>
  <testcase name="a" time="0.002" classname="TestNG.TestTestNGAttributes"/>
  <testcase name="o" time="0.001" classname="TestNG.TestTestNGAttributes"/>
</testsuite> <!-- TestNG.TestTestNGAttributes -->
