<?xml version="1.0" encoding="UTF-8"?>
<!-- Generated by org.testng.reporters.JUnitReportReporter -->
<testsuite skipped="0" hostname="DESKTOP-C1UMIF1" name="TestNG.DataProvider" tests="1" failures="0" timestamp="14 Aug 2019 08:48:39 GMT" time="10.127" errors="0">
  <testcase name="registration" time="10.127" classname="TestNG.DataProvider"/>
</testsuite> <!-- TestNG.DataProvider -->
