<?xml version="1.0" encoding="UTF-8"?>
<!-- Generated by org.testng.reporters.JUnitReportReporter -->
<testsuite skipped="0" hostname="DESKTOP-C1UMIF1" name="TestNG.TestGroupingNew" tests="6" failures="0" timestamp="13 Aug 2019 07:36:28 GMT" time="0.018" errors="0">
  <testcase name="f1" time="0.012" classname="TestNG.TestGroupingNew"/>
  <testcase name="f2" time="0.002" classname="TestNG.TestGroupingNew"/>
  <testcase name="f6" time="0.001" classname="TestNG.TestGroupingNew"/>
  <testcase name="f5" time="0.001" classname="TestNG.TestGroupingNew"/>
  <testcase name="f3" time="0.001" classname="TestNG.TestGroupingNew"/>
  <testcase name="f4" time="0.001" classname="TestNG.TestGroupingNew"/>
</testsuite> <!-- TestNG.TestGroupingNew -->
