<?xml version="1.0" encoding="UTF-8"?>
<!-- Generated by org.testng.reporters.JUnitReportReporter -->
<testsuite hostname="DESKTOP-C1UMIF1" name="TestNG.TestAnnotation" tests="2" failures="0" timestamp="14 Jan 2020 10:08:45 GMT" time="0.011" errors="0">
  <testcase name="f1" time="0.009" classname="TestNG.TestAnnotation"/>
  <testcase name="f2" time="0.002" classname="TestNG.TestAnnotation"/>
</testsuite> <!-- TestNG.TestAnnotation -->
