<?xml version="1.0" encoding="UTF-8"?>
<!-- Generated by org.testng.reporters.JUnitReportReporter -->
<testsuite skipped="0" hostname="DESKTOP-C1UMIF1" name="TestNG.TestGrouping" tests="1" failures="0" timestamp="08 Aug 2019 13:30:02 GMT" time="0.003" errors="0">
  <testcase name="a1" time="0.003" classname="TestNG.TestGrouping"/>
</testsuite> <!-- TestNG.TestGrouping -->
