<?xml version="1.0" encoding="UTF-8"?>
<!-- Generated by org.testng.reporters.JUnitReportReporter -->
<testsuite skipped="0" hostname="DESKTOP-C1UMIF1" name="DataDriven.NewDataDriven" tests="3" failures="0" timestamp="26 Nov 2019 15:32:22 GMT" time="49.988" errors="0">
  <testcase name="test" time="23.648" classname="DataDriven.NewDataDriven"/>
  <testcase name="test" time="11.769" classname="DataDriven.NewDataDriven"/>
  <testcase name="test" time="14.571" classname="DataDriven.NewDataDriven"/>
</testsuite> <!-- DataDriven.NewDataDriven -->
