<?xml version="1.0" encoding="UTF-8"?>
<!-- Generated by org.testng.reporters.JUnitReportReporter -->
<testsuite skipped="1" hostname="DESKTOP-C1UMIF1" name="TestNG.TestTestNGAttributesPriorityDependency" tests="6" failures="0" timestamp="08 Aug 2019 13:09:16 GMT" time="0.042" errors="0">
  <testcase name="f" time="0.022" classname="TestNG.TestTestNGAttributesPriorityDependency"/>
  <testcase name="o" time="0.002" classname="TestNG.TestTestNGAttributesPriorityDependency"/>
  <testcase name="m" time="0.004" classname="TestNG.TestTestNGAttributesPriorityDependency"/>
  <testcase name="h" time="0.004" classname="TestNG.TestTestNGAttributesPriorityDependency"/>
  <testcase name="a" time="0.010" classname="TestNG.TestTestNGAttributesPriorityDependency"/>
  <testcase name="d" classname="TestNG.TestTestNGAttributesPriorityDependency">
    <skipped/>
  </testcase> <!-- d -->
</testsuite> <!-- TestNG.TestTestNGAttributesPriorityDependency -->
