<?xml version="1.0" encoding="UTF-8"?>
<!-- Generated by org.testng.reporters.JUnitReportReporter -->
<testsuite hostname="DESKTOP-C1UMIF1" name="TestNG.TestNGAssertionAndParameters" tests="2" failures="0" timestamp="27 Jan 2020 13:54:33 GMT" time="31.977" errors="0">
  <testcase name="getTitle" time="7.834" classname="TestNG.TestNGAssertionAndParameters"/>
  <testcase name="login" time="24.143" classname="TestNG.TestNGAssertionAndParameters"/>
</testsuite> <!-- TestNG.TestNGAssertionAndParameters -->
